../src/bufferutil.cc:36:34: error: unknown type name 'Arguments'; did you mean 'v8::internal::Arguments'?
  static Handle<Value> New(const Arguments& args)
                                 ^~~~~~~~~
                                 v8::internal::Arguments
/Users/ouchangkun/.node-gyp/5.1.0/include/node/v8.h:139:7: note: 'v8::internal::Arguments' declared here
class Arguments;
      ^
../src/bufferutil.cc:44:36: error: unknown type name 'Arguments'; did you mean 'v8::internal::Arguments'?
  static Handle<Value> Merge(const Arguments& args)
                                   ^~~~~~~~~
                                   v8::internal::Arguments
/Users/ouchangkun/.node-gyp/5.1.0/include/node/v8.h:139:7: note: 'v8::internal::Arguments' declared here
class Arguments;
      ^
../src/bufferutil.cc:62:37: error: unknown type name 'Arguments'; did you mean 'v8::internal::Arguments'?
  static Handle<Value> Unmask(const Arguments& args)
                                    ^~~~~~~~~
                                    v8::internal::Arguments
/Users/ouchangkun/.node-gyp/5.1.0/include/node/v8.h:139:7: note: 'v8::internal::Arguments' declared here
class Arguments;
      ^
../src/bufferutil.cc:83:35: error: unknown type name 'Arguments'; did you mean 'v8::internal::Arguments'?
  static Handle<Value> Mask(const Arguments& args)
                                  ^~~~~~~~~
                                  v8::internal::Arguments
/Users/ouchangkun/.node-gyp/5.1.0/include/node/v8.h:139:7: note: 'v8::internal::Arguments' declared here
class Arguments;
      ^
../src/bufferutil.cc:25:17: error: calling a protected constructor of class 'v8::HandleScope'
    HandleScope scope;
                ^
/Users/ouchangkun/.node-gyp/5.1.0/include/node/v8.h:889:13: note: declared protected here
  V8_INLINE HandleScope() {}
            ^
../src/bufferutil.cc:26:55: error: cannot initialize a parameter of type 'v8::Isolate *' with an lvalue of type 'Handle<v8::Value> (const v8::internal::Arguments &)'
    Local<FunctionTemplate> t = FunctionTemplate::New(New);
                                                      ^~~
/Users/ouchangkun/.node-gyp/5.1.0/include/node/v8.h:4349:16: note: passing argument to parameter 'isolate' here
      Isolate* isolate, FunctionCallback callback = 0,
               ^
../src/bufferutil.cc:28:5: error: no matching function for call to 'NODE_SET_METHOD'
    NODE_SET_METHOD(t->GetFunction(), "unmask", BufferUtil::Unmask);
    ^~~~~~~~~~~~~~~
/Users/ouchangkun/.node-gyp/5.1.0/include/node/node.h:248:25: note: expanded from macro 'NODE_SET_METHOD'
#define NODE_SET_METHOD node::NODE_SET_METHOD
                        ^~~~~~~~~~~~~~~~~~~~~
/Users/ouchangkun/.node-gyp/5.1.0/include/node/node.h:236:13: note: candidate function [with TypeName = v8::Local<v8::Function>] not viable: no known conversion from 'Handle<v8::Value> (const v8::internal::Arguments &)' to 'v8::FunctionCallback' (aka 'void (*)(const FunctionCallbackInfo<v8::Value> &)') for 3rd argument
inline void NODE_SET_METHOD(const TypeName& recv,
            ^
../src/bufferutil.cc:29:5: error: no matching function for call to 'NODE_SET_METHOD'
    NODE_SET_METHOD(t->GetFunction(), "mask", BufferUtil::Mask);
    ^~~~~~~~~~~~~~~
/Users/ouchangkun/.node-gyp/5.1.0/include/node/node.h:248:25: note: expanded from macro 'NODE_SET_METHOD'
#define NODE_SET_METHOD node::NODE_SET_METHOD
                        ^~~~~~~~~~~~~~~~~~~~~
/Users/ouchangkun/.node-gyp/5.1.0/include/node/node.h:236:13: note: candidate function [with TypeName = v8::Local<v8::Function>] not viable: no known conversion from 'Handle<v8::Value> (const v8::internal::Arguments &)' to 'v8::FunctionCallback' (aka 'void (*)(const FunctionCallbackInfo<v8::Value> &)') for 3rd argument
inline void NODE_SET_METHOD(const TypeName& recv,
            ^
../src/bufferutil.cc:30:5: error: no matching function for call to 'NODE_SET_METHOD'
    NODE_SET_METHOD(t->GetFunction(), "merge", BufferUtil::Merge);
    ^~~~~~~~~~~~~~~
/Users/ouchangkun/.node-gyp/5.1.0/include/node/node.h:248:25: note: expanded from macro 'NODE_SET_METHOD'
#define NODE_SET_METHOD node::NODE_SET_METHOD
                        ^~~~~~~~~~~~~~~~~~~~~
/Users/ouchangkun/.node-gyp/5.1.0/include/node/node.h:236:13: note: candidate function [with TypeName = v8::Local<v8::Function>] not viable: no known conversion from 'Handle<v8::Value> (const v8::internal::Arguments &)' to 'v8::FunctionCallback' (aka 'void (*)(const FunctionCallbackInfo<v8::Value> &)') for 3rd argument
inline void NODE_SET_METHOD(const TypeName& recv,
            ^
../src/bufferutil.cc:31:25: error: no member named 'NewSymbol' in 'v8::String'
    target->Set(String::NewSymbol("BufferUtil"), t->GetFunction());
                ~~~~~~~~^
../src/bufferutil.cc:38:17: error: calling a protected constructor of class 'v8::HandleScope'
    HandleScope scope;
                ^
/Users/ouchangkun/.node-gyp/5.1.0/include/node/v8.h:889:13: note: declared protected here
  V8_INLINE HandleScope() {}
            ^
../src/bufferutil.cc:40:26: error: member access into incomplete type 'const v8::internal::Arguments'
    bufferUtil->Wrap(args.This());
                         ^
/Users/ouchangkun/.node-gyp/5.1.0/include/node/v8.h:139:7: note: forward declaration of 'v8::internal::Arguments'
class Arguments;
      ^
../src/bufferutil.cc:41:16: error: member access into incomplete type 'const v8::internal::Arguments'
    return args.This();
               ^
/Users/ouchangkun/.node-gyp/5.1.0/include/node/v8.h:139:7: note: forward declaration of 'v8::internal::Arguments'
class Arguments;
      ^
../src/bufferutil.cc:46:17: error: calling a protected constructor of class 'v8::HandleScope'
    HandleScope scope;
                ^
/Users/ouchangkun/.node-gyp/5.1.0/include/node/v8.h:889:13: note: declared protected here
  V8_INLINE HandleScope() {}
            ^
../src/bufferutil.cc:47:35: error: type 'const v8::internal::Arguments' does not provide a subscript operator
    Local<Object> bufferObj = args[0]->ToObject();
                              ~~~~^~
../src/bufferutil.cc:49:49: error: type 'const v8::internal::Arguments' does not provide a subscript operator
    Local<Array> array = Local<Array>::Cast(args[1]);
                                            ~~~~^~
../src/bufferutil.cc:59:18: error: no member named 'Close' in 'v8::HandleScope'
    return scope.Close(True());
           ~~~~~ ^
../src/bufferutil.cc:59:24: error: no matching function for call to 'True'
    return scope.Close(True());
                       ^~~~
/Users/ouchangkun/.node-gyp/5.1.0/include/node/v8.h:317:25: note: candidate function not viable: requires single argument 'isolate', but no arguments were provided
  friend Local<Boolean> True(Isolate* isolate);
                        ^
../src/bufferutil.cc:64:17: error: calling a protected constructor of class 'v8::HandleScope'
    HandleScope scope;
                ^
/Users/ouchangkun/.node-gyp/5.1.0/include/node/v8.h:889:13: note: declared protected here
  V8_INLINE HandleScope() {}
            ^
fatal error: too many errors emitted, stopping now [-ferror-limit=]
20 errors generated.
make: *** [Release/obj.target/bufferutil/src/bufferutil.o] Error 1
gyp ERR! build error 
gyp ERR! stack Error: `make` failed with exit code: 2
gyp ERR! stack     at ChildProcess.onExit (/Users/ouchangkun/.nvm/versions/node/v5.1.0/lib/node_modules/npm/node_modules/node-gyp/lib/build.js:270:23)
gyp ERR! stack     at emitTwo (events.js:87:13)
gyp ERR! stack     at ChildProcess.emit (events.js:172:7)
gyp ERR! stack     at Process.ChildProcess._handle.onexit (internal/child_process.js:200:12)
gyp ERR! System Darwin 15.3.0
gyp ERR! command "/Users/ouchangkun/.nvm/versions/node/v5.1.0/bin/node" "/Users/ouchangkun/.nvm/versions/node/v5.1.0/lib/node_modules/npm/node_modules/node-gyp/bin/node-gyp.js" "rebuild"
gyp ERR! cwd /Users/ouchangkun/Work/Git/BachelorThesis/server/node_modules/leapjs/node_modules/ws
gyp ERR! node -v v5.1.0
gyp ERR! node-gyp -v v3.0.3
gyp ERR! not ok 
